<?xml version="1.0" encoding="UTF-8"?>
<!-- Generated by org.testng.reporters.JUnitReportReporter -->
<testsuite hostname="INMH102002" failures="0" tests="1" name="testCases.TC001_AccountRegistrationTest" time="3.623" errors="0" timestamp="2025-04-17T15:39:17 IST" skipped="0">
  <testcase classname="testCases.TC001_AccountRegistrationTest" name="verify_account_registration" time="3.623"/>
  <system-out/>
</testsuite> <!-- testCases.TC001_AccountRegistrationTest -->
