<?xml version="1.0" encoding="UTF-8"?>
<!-- Generated by org.testng.reporters.JUnitReportReporter -->
<testsuite hostname="INMH102002" failures="0" tests="1" name="TestNG.AssertionDemo" time="0.008" errors="0" timestamp="2025-03-19T23:01:33 IST" skipped="0">
  <testcase classname="TestNG.AssertionDemo" name="Testtitle" time="0.008"/>
  <system-out/>
</testsuite> <!-- TestNG.AssertionDemo -->
