<?xml version="1.0" encoding="UTF-8"?>
<!-- Generated by org.testng.reporters.JUnitReportReporter -->
<testsuite hostname="INMH102002" failures="0" tests="3" name="TestNG.SignupTest" time="0.007" errors="0" timestamp="2025-03-20T00:12:24 IST" skipped="0">
  <testcase classname="TestNG.SignupTest" name="signupEmail" time="0.006"/>
  <system-out/>
  <testcase classname="TestNG.SignupTest" name="signupFacebook" time="0.000"/>
  <system-out/>
  <testcase classname="TestNG.SignupTest" name="signupTwitter" time="0.001"/>
  <system-out/>
</testsuite> <!-- TestNG.SignupTest -->
