<?xml version="1.0" encoding="UTF-8"?>
<!-- Generated by org.testng.reporters.JUnitReportReporter -->
<testsuite hostname="INMH102002" failures="0" tests="3" name="TestNG.LoginTest" time="0.007" errors="0" timestamp="2025-03-20T00:06:55 IST" skipped="0">
  <testcase classname="TestNG.LoginTest" name="LoginByEmail" time="0.006"/>
  <system-out/>
  <testcase classname="TestNG.LoginTest" name="loginByFacebook" time="0.001"/>
  <system-out/>
  <testcase classname="TestNG.LoginTest" name="loginByTwitter" time="0.000"/>
  <system-out/>
</testsuite> <!-- TestNG.LoginTest -->
