<?xml version="1.0" encoding="UTF-8"?>
<!-- Generated by org.testng.reporters.JUnitReportReporter -->
<testsuite hostname="INMH102002" failures="0" tests="3" name="TestNG.Login" time="0.006" errors="0" timestamp="2025-03-14T15:54:04 IST" skipped="0">
  <testcase classname="TestNG.Login" name="loginTest" time="0.005"/>
  <system-out/>
  <testcase classname="TestNG.Login" name="registerTest" time="0.000"/>
  <system-out/>
  <testcase classname="TestNG.Login" name="Logout" time="0.001"/>
  <system-out/>
</testsuite> <!-- TestNG.Login -->
