<?xml version="1.0" encoding="UTF-8"?>
<!-- Generated by org.testng.reporters.JUnitReportReporter -->
<testsuite hostname="INMH102002" failures="0" tests="2" name="AnnotationTestNG.C2" time="0.001" errors="0" timestamp="2025-03-19T00:00:12 IST" skipped="0">
  <testcase classname="AnnotationTestNG.C2" name="xyz" time="0.000"/>
  <system-out/>
  <testcase classname="AnnotationTestNG.C2" name="xyz" time="0.001"/>
  <system-out/>
</testsuite> <!-- AnnotationTestNG.C2 -->
