<?xml version="1.0" encoding="UTF-8"?>
<!-- Generated by org.testng.reporters.JUnitReportReporter -->
<testsuite hostname="INMH102002" failures="0" tests="3" name="GroupingTestNG.LoginTest" time="0.003" errors="0" timestamp="2025-03-20T00:22:51 IST" skipped="0">
  <testcase classname="GroupingTestNG.LoginTest" name="LoginByEmail" time="0.001"/>
  <system-out/>
  <testcase classname="GroupingTestNG.LoginTest" name="loginByFacebook" time="0.001"/>
  <system-out/>
  <testcase classname="GroupingTestNG.LoginTest" name="loginByTwitter" time="0.001"/>
  <system-out/>
</testsuite> <!-- GroupingTestNG.LoginTest -->
