<?xml version="1.0" encoding="UTF-8"?>
<!-- Generated by org.testng.reporters.JUnitReportReporter -->
<testsuite hostname="INMH102002" failures="0" tests="2" name="AnnotationTestNG.C3" time="0.001" errors="0" timestamp="2025-03-19T00:00:12 IST" skipped="0">
  <testcase classname="AnnotationTestNG.C3" name="pqr" time="0.001"/>
  <system-out/>
  <testcase classname="AnnotationTestNG.C3" name="pqr" time="0.000"/>
  <system-out/>
</testsuite> <!-- AnnotationTestNG.C3 -->
