<?xml version="1.0" encoding="UTF-8"?>
<!-- Generated by org.testng.reporters.JUnitReportReporter -->
<testsuite hostname="INMH102002" failures="0" tests="2" name="AnnotationTestNG.C1" time="0.005" errors="0" timestamp="2025-03-19T00:00:12 IST" skipped="0">
  <testcase classname="AnnotationTestNG.C1" name="abc" time="0.004"/>
  <system-out/>
  <testcase classname="AnnotationTestNG.C1" name="abc" time="0.001"/>
  <system-out/>
</testsuite> <!-- AnnotationTestNG.C1 -->
