<?xml version="1.0" encoding="UTF-8"?>
<!-- Generated by org.testng.reporters.JUnitReportReporter -->
<testsuite hostname="INMH102002" failures="0" tests="2" name="TestNG.PaymentTest" time="0.005" errors="0" timestamp="2025-03-20T00:12:18 IST" skipped="0">
  <testcase classname="TestNG.PaymentTest" name="paymentrupee" time="0.005"/>
  <system-out/>
  <testcase classname="TestNG.PaymentTest" name="paymentdoller" time="0.000"/>
  <system-out/>
</testsuite> <!-- TestNG.PaymentTest -->
