<?xml version="1.0" encoding="UTF-8"?>
<!-- Generated by org.testng.reporters.JUnitReportReporter -->
<testsuite hostname="INMH102002" failures="0" tests="3" name="TestNG.ParamTest" time="0.061" errors="0" timestamp="2025-03-20T12:05:26 IST" skipped="0">
  <testcase classname="TestNG.ParamTest" name="testLogo" time="0.049"/>
  <system-out/>
  <testcase classname="TestNG.ParamTest" name="testTitle" time="0.007"/>
  <system-out/>
  <testcase classname="TestNG.ParamTest" name="testURL" time="0.005"/>
  <system-out/>
</testsuite> <!-- TestNG.ParamTest -->
